This is pdfTeXk, Version 3.141592-1.40.3 (Web2C 7.5.6) (format=pdflatex 2011.5.23)  13 MAR 2012 12:45
entering extended mode
 %&-line parsing enabled.
**main
(./main.tex
LaTeX2e <2005/12/01>
Babel <v3.8h> and hyphenation patterns for english, usenglishmax, dumylang, noh
yphenation, arabic, basque, bulgarian, coptic, welsh, czech, slovak, german, ng
erman, danish, esperanto, spanish, catalan, galician, estonian, farsi, finnish,
 french, greek, monogreek, ancientgreek, croatian, hungarian, interlingua, ibyc
us, indonesian, icelandic, italian, latin, mongolian, dutch, norsk, polish, por
tuguese, pinyin, romanian, russian, slovenian, uppersorbian, serbian, swedish, 
turkish, ukenglish, ukrainian, loaded.
(./mitthesis.cls
Document Class: mitthesis 1999/10/20
\vithesis=\count79
(/usr/share/texmf/tex/latex/base/report.cls
Document Class: report 2005/09/16 v1.4f Standard LaTeX document class
(/usr/share/texmf/tex/latex/base/size12.clo
File: size12.clo 2005/09/16 v1.4f Standard LaTeX file (size option)
)
\c@part=\count80
\c@chapter=\count81
\c@section=\count82
\c@subsection=\count83
\c@subsubsection=\count84
\c@paragraph=\count85
\c@subparagraph=\count86
\c@figure=\count87
\c@table=\count88
\abovecaptionskip=\skip41
\belowcaptionskip=\skip42
\bibindent=\dimen102
) (./setspace.sty
Package: setspace 2000/12/01 6.7 Contributed and Supported LaTeX2e package

Package: `setspace' 6.7 <2000/12/01>
)
Thesis document copyright MIT unless otherwise (manually) specified
\@titlesupervisor=\box26
\@abstractsupervisor=\box27
\c@savepage=\count89
) (./lgrind.sty
Package: lgrind 1997/01/30 v3.4 LGrind environment and supporting stuff
\lc@unt=\count90
\ln@xt=\count91
\LGnuminterval=\count92
\LGindent=\skip43
\LGsloppy=\skip44
\procbox=\box28
\ls@far=\box29
\tb@x=\box30
\TBw@d=\dimen103
\@ts=\dimen104
) (/usr/share/texmf/tex/latex/graphics/graphicx.sty
Package: graphicx 1999/02/16 v1.0f Enhanced LaTeX Graphics (DPC,SPQR)

(/usr/share/texmf/tex/latex/graphics/keyval.sty
Package: keyval 1999/03/16 v1.13 key=value parser (DPC)
\KV@toks@=\toks14
)
(/usr/share/texmf/tex/latex/graphics/graphics.sty
Package: graphics 2006/02/20 v1.0o Standard LaTeX Graphics (DPC,SPQR)

(/usr/share/texmf/tex/latex/graphics/trig.sty
Package: trig 1999/03/16 v1.09 sin cos tan (DPC)
)
(/usr/share/texmf/tex/latex/config/graphics.cfg
File: graphics.cfg 2007/01/18 v1.5 graphics configuration of teTeX/TeXLive
)
Package graphics Info: Driver file: pdftex.def on input line 90.

(/usr/share/texmf/tex/latex/pdftex-def/pdftex.def
File: pdftex.def 2007/01/08 v0.04d Graphics/color for pdfTeX
\Gread@gobject=\count93
))
\Gin@req@height=\dimen105
\Gin@req@width=\dimen106
)
(/usr/share/texmf/tex/latex/amsmath/amsmath.sty
Package: amsmath 2000/07/18 v2.13 AMS math features
\@mathmargin=\skip45

For additional information on amsmath, use the `?' option.
(/usr/share/texmf/tex/latex/amsmath/amstext.sty
Package: amstext 2000/06/29 v2.01

(/usr/share/texmf/tex/latex/amsmath/amsgen.sty
File: amsgen.sty 1999/11/30 v2.0
\@emptytoks=\toks15
\ex@=\dimen107
))
(/usr/share/texmf/tex/latex/amsmath/amsbsy.sty
Package: amsbsy 1999/11/29 v1.2d
\pmbraise@=\dimen108
)
(/usr/share/texmf/tex/latex/amsmath/amsopn.sty
Package: amsopn 1999/12/14 v2.01 operator names
)
\inf@bad=\count94
LaTeX Info: Redefining \frac on input line 211.
\uproot@=\count95
\leftroot@=\count96
LaTeX Info: Redefining \overline on input line 307.
\classnum@=\count97
\DOTSCASE@=\count98
LaTeX Info: Redefining \ldots on input line 379.
LaTeX Info: Redefining \dots on input line 382.
LaTeX Info: Redefining \cdots on input line 467.
\Mathstrutbox@=\box31
\strutbox@=\box32
\big@size=\dimen109
LaTeX Font Info:    Redeclaring font encoding OML on input line 567.
LaTeX Font Info:    Redeclaring font encoding OMS on input line 568.
\macc@depth=\count99
\c@MaxMatrixCols=\count100
\dotsspace@=\muskip10
\c@parentequation=\count101
\dspbrk@lvl=\count102
\tag@help=\toks16
\row@=\count103
\column@=\count104
\maxfields@=\count105
\andhelp@=\toks17
\eqnshift@=\dimen110
\alignsep@=\dimen111
\tagshift@=\dimen112
\tagwidth@=\dimen113
\totwidth@=\dimen114
\lineht@=\dimen115
\@envbody=\toks18
\multlinegap=\skip46
\multlinetaggap=\skip47
\mathdisplay@stack=\toks19
LaTeX Info: Redefining \[ on input line 2666.
LaTeX Info: Redefining \] on input line 2667.
)
(/usr/share/texmf/tex/latex/mh/mathtools.sty
Package: mathtools 2004/10/10 v1.01a mathematical typesetting tools (MH)

(/usr/share/texmf/tex/latex/tools/calc.sty
Package: calc 2005/08/06 v4.2 Infix arithmetic (KKT,FJ)
\calc@Acount=\count106
\calc@Bcount=\count107
\calc@Adimen=\dimen116
\calc@Bdimen=\dimen117
\calc@Askip=\skip48
\calc@Bskip=\skip49
LaTeX Info: Redefining \setlength on input line 75.
LaTeX Info: Redefining \addtolength on input line 76.
\calc@Ccount=\count108
\calc@Cskip=\skip50
)
(/usr/share/texmf/tex/latex/mh/mhsetup.sty
Package: mhsetup 2004/10/10 v1.0b programming setup (MH)
)
\g_MT_multlinerow_int=\count109
\l_MT_multwidth_dim=\dimen118
)
(/usr/share/texmf/tex/latex/booktabs/booktabs.sty
Package: booktabs 2005/03/16 v1.6180 publication quality tables
\heavyrulewidth=\dimen119
\lightrulewidth=\dimen120
\cmidrulewidth=\dimen121
\belowrulesep=\dimen122
\belowbottomsep=\dimen123
\aboverulesep=\dimen124
\abovetopsep=\dimen125
\cmidrulesep=\dimen126
\cmidrulekern=\dimen127
\defaultaddspace=\dimen128
\@cmidla=\count110
\@cmidlb=\count111
\@aboverulesep=\dimen129
\@belowrulesep=\dimen130
\@thisruleclass=\count112
\@lastruleclass=\count113
\@thisrulewidth=\dimen131
)
(/usr/share/texmf/tex/latex/tools/array.sty
Package: array 2005/08/23 v2.4b Tabular extension package (FMi)
\col@sep=\dimen132
\extrarowheight=\dimen133
\NC@list=\toks20
\extratabsurround=\skip51
\backup@length=\skip52
)
(/usr/share/texmf/tex/latex/paralist/paralist.sty
Package: paralist 2002/03/18 v2.3b Extended list environments (BS)
\pltopsep=\skip53
\plpartopsep=\skip54
\plitemsep=\skip55
\plparsep=\skip56
\pl@lab=\toks21
)
(/usr/share/texmf/tex/latex/tools/verbatim.sty
Package: verbatim 2003/08/22 v1.5q LaTeX2e package for verbatim enhancements
\every@verbatim=\toks22
\verbatim@line=\toks23
\verbatim@in@stream=\read1
)
(/usr/share/texmf/tex/latex/subfig/subfig.sty
Package: subfig 2005/06/28 ver: 1.3 subfig package

(/usr/share/texmf/tex/latex/caption/caption.sty
Package: caption 2007/01/07 v3.0k Customising captions (AR)

(/usr/share/texmf/tex/latex/caption/caption3.sty
Package: caption3 2007/01/07 v3.0k caption3 kernel (AR)
\captionmargin=\dimen134
\captionmarginx=\dimen135
\captionwidth=\dimen136
\captionindent=\dimen137
\captionparindent=\dimen138
\captionhangindent=\dimen139
))
\c@KVtest=\count114
\sf@farskip=\skip57
\sf@captopadj=\dimen140
\sf@capskip=\skip58
\sf@nearskip=\skip59
\c@subfigure=\count115
\c@subfigure@save=\count116
\c@lofdepth=\count117
\c@subtable=\count118
\c@subtable@save=\count119
\c@lotdepth=\count120
\sf@top=\skip60
\sf@bottom=\skip61
)
(/usr/share/texmf/tex/latex/hyperref/hyperref.sty
Package: hyperref 2007/02/07 v6.75r Hypertext links for LaTeX
\@linkdim=\dimen141
\Hy@linkcounter=\count121
\Hy@pagecounter=\count122

(/usr/share/texmf/tex/latex/hyperref/pd1enc.def
File: pd1enc.def 2007/02/07 v6.75r Hyperref: PDFDocEncoding definition (HO)
)
(/usr/share/texmf/tex/latex/config/hyperref.cfg
File: hyperref.cfg 2002/06/06 v1.2 hyperref configuration of TeXLive
)
(/usr/share/texmf/tex/latex/oberdiek/kvoptions.sty
Package: kvoptions 2006/08/22 v2.4 Connects package keyval with LaTeX options (
HO)
)
Package hyperref Info: Hyper figures OFF on input line 2288.
Package hyperref Info: Link nesting OFF on input line 2293.
Package hyperref Info: Hyper index ON on input line 2296.
Package hyperref Info: Plain pages OFF on input line 2303.
Package hyperref Info: Backreferencing OFF on input line 2308.

Implicit mode ON; LaTeX internals redefined
Package hyperref Info: Bookmarks ON on input line 2444.
(/usr/share/texmf/tex/latex/html/url.sty
Package: url 1999/03/02  ver 1.4  Verb mode for urls, email addresses, and file
 names
)
LaTeX Info: Redefining \url on input line 2599.
\Fld@menulength=\count123
\Field@Width=\dimen142
\Fld@charsize=\dimen143
\Choice@toks=\toks24
\Field@toks=\toks25
Package hyperref Info: Hyper figures OFF on input line 3102.
Package hyperref Info: Link nesting OFF on input line 3107.
Package hyperref Info: Hyper index ON on input line 3110.
Package hyperref Info: backreferencing OFF on input line 3117.
Package hyperref Info: Link coloring OFF on input line 3122.
\Hy@abspage=\count124
\c@Item=\count125
\c@Hfootnote=\count126
)
*hyperref using default driver hpdftex*
(/usr/share/texmf/tex/latex/hyperref/hpdftex.def
File: hpdftex.def 2007/02/07 v6.75r Hyperref driver for pdfTeX
\Fld@listcount=\count127
)
(/usr/share/texmf/tex/latex/algorithms/algorithmic.sty
Package: algorithmic 2006/06/02

Document Style `algorithmic' - environment
(/usr/share/texmf/tex/latex/base/ifthen.sty
Package: ifthen 2001/05/26 v1.1c Standard LaTeX ifthen package (DPC)
)
\c@ALC@line=\count128
\c@ALC@rem=\count129
\c@ALC@depth=\count130
\ALC@tlm=\skip62
\algorithmicindent=\skip63
)
(/usr/share/texmf/tex/latex/algorithms/algorithm.sty
Package: algorithm 

Document Style `algorithm' - floating environment
(/usr/share/texmf/tex/latex/float/float.sty
Package: float 2001/11/08 v1.3d Float enhancements (AL)
\c@float@type=\count131
\float@exts=\toks26
\float@box=\box33
\@float@everytoks=\toks27
\@floatcapt=\box34
)
\@float@every@algorithm=\toks28
\c@algorithm=\count132
)
(/usr/share/texmf/tex/latex/wrapfig/wrapfig.sty
\wrapoverhang=\dimen144
\WF@size=\dimen145
\c@WF@wrappedlines=\count133
\WF@box=\box35
\WF@everypar=\toks29
Package: wrapfig 2003/01/31  v 3.6
)
(/usr/share/texmf/tex/latex/listings/listings.sty
\lst@mode=\count134
\lst@gtempboxa=\box36
\lst@token=\toks30
\lst@length=\count135
\lst@currlwidth=\dimen146
\lst@column=\count136
\lst@pos=\count137
\lst@lostspace=\dimen147
\lst@width=\dimen148
\lst@newlines=\count138
\lst@lineno=\count139
\c@lstlisting=\count140
\lst@maxwidth=\dimen149

(/usr/share/texmf/tex/latex/listings/lstpatch.sty
File: lstpatch.sty 2004/10/17 1.3b (Carsten Heinz)
)
(/usr/share/texmf/tex/latex/listings/lstmisc.sty
File: lstmisc.sty 2004/09/07 1.3 (Carsten Heinz)
\c@lstnumber=\count141
\lst@skipnumbers=\count142
\lst@framebox=\box37
)
(/usr/share/texmf/tex/latex/listings/listings.cfg
File: listings.cfg 2004/09/05 1.3 listings configuration
))
Package: listings 2004/10/17 1.3b (Carsten Heinz)

(/usr/share/texmf/tex/latex/graphics/color.sty
Package: color 2005/11/14 v1.0j Standard LaTeX Color (DPC)

(/usr/share/texmf/tex/latex/config/color.cfg
File: color.cfg 2007/01/18 v1.5 color configuration of teTeX/TeXLive
)
Package color Info: Driver file: pdftex.def on input line 130.
)
(/usr/share/texmf/tex/latex/listings/lstlang1.sty
File: lstlang1.sty 2004/09/05 1.3 listings language file
)
(/usr/share/texmf/tex/latex/listings/lstmisc.sty
File: lstmisc.sty 2004/09/07 1.3 (Carsten Heinz)
)
(/usr/share/texmf/tex/latex/fancyhdr/fancyhdr.sty
\fancy@headwidth=\skip64
\f@ncyO@elh=\skip65
\f@ncyO@erh=\skip66
\f@ncyO@olh=\skip67
\f@ncyO@orh=\skip68
\f@ncyO@elf=\skip69
\f@ncyO@erf=\skip70
\f@ncyO@olf=\skip71
\f@ncyO@orf=\skip72
)
(/usr/share/texmf/tex/latex/tocbibind/tocbibind.sty
Package: tocbibind 2003/03/13 v1.5g extra ToC listings


Package tocbibind Note: The document has chapter divisions.


Package tocbibind Note: Using chapter style headings, unless overridden.

) (./main.aux (./cover.aux) (./contents.aux) (./ch_introduction.aux)
(./ch_design.aux) (./ch_implementation.aux) (./ch_performance.aux

LaTeX Warning: Label `fig:nptclsize_scan128x64x64' multiply defined.


LaTeX Warning: Label `fig:nptclsize_scan128x64x64' multiply defined.


LaTeX Warning: Label `fig:nptclsize_scan128x64x64' multiply defined.


LaTeX Warning: Label `fig:nptclsize_scan128x64x64' multiply defined.


LaTeX Warning: Label `fig:nptclsize_scan128x64x64' multiply defined.


LaTeX Warning: Label `fig:nptclsize_scan128x64x64' multiply defined.

) (./ch_conclusion.aux) (./appa.aux) (./appb.aux) (./biblio.aux))
\openout1 = `main.aux'.

LaTeX Font Info:    Checking defaults for OML/cmm/m/it on input line 111.
LaTeX Font Info:    ... okay on input line 111.
LaTeX Font Info:    Checking defaults for T1/cmr/m/n on input line 111.
LaTeX Font Info:    ... okay on input line 111.
LaTeX Font Info:    Checking defaults for OT1/cmr/m/n on input line 111.
LaTeX Font Info:    ... okay on input line 111.
LaTeX Font Info:    Checking defaults for OMS/cmsy/m/n on input line 111.
LaTeX Font Info:    ... okay on input line 111.
LaTeX Font Info:    Checking defaults for OMX/cmex/m/n on input line 111.
LaTeX Font Info:    ... okay on input line 111.
LaTeX Font Info:    Checking defaults for U/cmr/m/n on input line 111.
LaTeX Font Info:    ... okay on input line 111.
LaTeX Font Info:    Checking defaults for PD1/pdf/m/n on input line 111.
LaTeX Font Info:    ... okay on input line 111.

(/usr/share/texmf/tex/context/base/supp-pdf.tex
[Loading MPS to PDF converter (version 2006.09.02).]
\scratchcounter=\count143
\scratchdimen=\dimen150
\scratchbox=\box38
\nofMPsegments=\count144
\nofMParguments=\count145
\MPscratchCnt=\count146
\MPscratchDim=\dimen151
\MPnumerator=\count147
\everyMPtoPDFconversion=\toks31
) (/usr/share/texmf/tex/latex/ragged2e/ragged2e.sty
Package: ragged2e 2003/03/25 v2.04 ragged2e Package (MS)

(/usr/share/texmf/tex/latex/everysel/everysel.sty
Package: everysel 1999/06/08 v1.03 EverySelectfont Package (MS)
LaTeX Info: Redefining \selectfont on input line 125.
)
\CenteringLeftskip=\skip73
\RaggedLeftLeftskip=\skip74
\RaggedRightLeftskip=\skip75
\CenteringRightskip=\skip76
\RaggedLeftRightskip=\skip77
\RaggedRightRightskip=\skip78
\CenteringParfillskip=\skip79
\RaggedLeftParfillskip=\skip80
\RaggedRightParfillskip=\skip81
\JustifyingParfillskip=\skip82
\CenteringParindent=\skip83
\RaggedLeftParindent=\skip84
\RaggedRightParindent=\skip85
\JustifyingParindent=\skip86
)
Package caption Info: float package v1.3 (or newer) detected on input line 111.

Package caption Info: hyperref package v6.74m (or newer) detected on input line
 111.
Package caption Info: listings package v1.2 (or newer) detected on input line 1
11.
Package caption Info: subref 1.2 or 1.3 detected on input line 111.
LaTeX Info: Redefining \subref on input line 111.
Package hyperref Info: Link coloring OFF on input line 111.

(/usr/share/texmf/tex/latex/hyperref/nameref.sty
Package: nameref 2006/12/27 v2.28 Cross-referencing by name of section

(/usr/share/texmf/tex/latex/oberdiek/refcount.sty
Package: refcount 2006/02/20 v3.0 Data extraction from references (HO)
)
\c@section@level=\count148
)
LaTeX Info: Redefining \ref on input line 111.
LaTeX Info: Redefining \pageref on input line 111.
 (./main.out) (./main.out)
\@outlinefile=\write3
\openout3 = `main.out'.

\openout2 = `cover.aux'.


(./cover.tex
LaTeX Font Info:    Try loading font information for OMS+cmr on input line 87.
 (/usr/share/texmf/tex/latex/base/omscmr.fd
File: omscmr.fd 1999/05/25 v2.5h Standard LaTeX font definitions
)
LaTeX Font Info:    Font shape `OMS/cmr/m/n' in size <14.4> not available
(Font)              Font shape `OMS/cmsy/m/n' tried instead on input line 87.
 [1



{/usr/share/texmf/fonts/map/pdftex/updmap/pdftex.map}] [2

] (./abstract.tex) [3

] [4

]) [5]
\openout2 = `contents.aux'.


(./contents.tex [6



] (./main.toc [7] [8])
\tf@toc=\write4
\openout4 = `main.toc'.

 [9] [10

] (./main.lof [11])
\tf@lof=\write5
\openout5 = `main.lof'.

 [12]
(./main.lot)
\tf@lot=\write6
\openout6 = `main.lot'.

 [13

] [14

] (./main.loa)
\tf@loa=\write7
\openout7 = `main.loa'.

) [15]
\openout2 = `ch_introduction.aux'.

 (./ch_introduction.tex [16



]
Chapter 1.


pdfTeX warning: pdflatex (file ./introduction/not_finished.pdf): PDF inclusion:
 found PDF version <1.5>, but at most version <1.4> allowed
<introduction/not_finished.pdf, id=486, 848.2691pt x 600.71925pt>
File: introduction/not_finished.pdf Graphic file (type pdf)

<use introduction/not_finished.pdf> [17]
Underfull \vbox (badness 1270) has occurred while \output is active []

 [18pdfTeX warning (ext4): destination with the same identifier (name{figure.1.
1}) has been already used, duplicate ignored
<to be read again> 
                   \endgroup \set@typeset@protect 
l.31 
      <./introduction/not_finished.pdf

pdfTeX warning: pdflatex (file ./introduction/not_finished.pdf): PDF inclusion:
 Page Group detected which pdfTeX can't handle. Ignoring it.
>] <introduction/gpu_vs_cpu.png, id=505, 498.86375pt x 401.5pt>
File: introduction/gpu_vs_cpu.png Graphic file (type png)

<use introduction/gpu_vs_cpu.png>
LaTeX Font Info:    Font shape `OMS/cmr/m/n' in size <12> not available
(Font)              Font shape `OMS/cmsy/m/n' tried instead on input line 46.
 [19] [20pdfTeX warning (ext4): destination with the same identifier (name{figu
re.1.2}) has been already used, duplicate ignored
<to be read again> 
                   \endgroup \set@typeset@protect 
l.69 
      <./introduction/gpu_vs_cpu.png>]
<introduction/multi_parallel.png, id=516, 735.548pt x 838.332pt>
File: introduction/multi_parallel.png Graphic file (type png)

<use introduction/multi_parallel.png>
File: introduction/not_finished.pdf Graphic file (type pdf)
 <use introduction/not_finished.pdf>
[21] [22pdfTeX warning (ext4): destination with the same identifier (name{figur
e.1.3}) has been already used, duplicate ignored
<to be read again> 
                   \endgroup \set@typeset@protect 
l.114 	\chapter
               {Sceptic3D} <./introduction/multi_parallel.png>] [23pdfTeX warni
ng (ext4): destination with the same identifier (name{figure.1.4}) has been alr
eady used, duplicate ignored
<to be read again> 
                   \endgroup \set@typeset@protect 
l.114 	\chapter
               {Sceptic3D}] [24

]
Chapter 2.
File: introduction/not_finished.pdf Graphic file (type pdf)
<use introduction/not_finished.pdf>)
Underfull \vbox (badness 10000) has occurred while \output is active []

 [25]
[26pdfTeX warning (ext4): destination with the same identifier (name{figure.2.1
}) has been already used, duplicate ignored
<to be read again> 
                   \endgroup \set@typeset@protect 
l.116 \include{ch_introduction}
                               ]
\openout2 = `ch_design.aux'.

 (./ch_design.tex
Chapter 3.

Underfull \hbox (badness 10000) in paragraph at lines 17--17
[]|\OT1/cmr/m/n/12 Particle data read,
 []


Overfull \hbox (14.71854pt too wide) in paragraph at lines 14--22
[][]
 []


Underfull \vbox (badness 10000) has occurred while \output is active []

 [27



pdfTeX warning (ext4): destination with the same identifier (name{table.3.1}) h
as been already used, duplicate ignored
<to be read again> 
                   \endgroup \set@typeset@protect 
l.36 		\subsection
                  {In house tests}]) [28]
\openout2 = `ch_implementation.aux'.

 (./ch_implementation.tex
Chapter 4.
[29



] [30]

LaTeX Warning: Reference `sec:grid_constraints' on page 31 undefined on input l
ine 35.

File: introduction/not_finished.pdf Graphic file (type pdf)
<use introduction/not_finished.pdf> [31]
Package hyperref Info: bookmark level for unknown algorithm defaults to 0 on in
put line 55.
 [32pdfTeX warning (ext4): destination with the same identifier (name{figure.4.
1}) has been already used, duplicate ignored
<to be read again> 
                   \endgroup \set@typeset@protect 
l.80 
     ] [33]
Underfull \vbox (badness 6859) has occurred while \output is active []

 [34pdfTeX warning (ext4): destination with the same identifier (name{ALC@rem.1
}) has been already used, duplicate ignored
<to be read again> 
                   \endgroup \set@typeset@protect 
l.133 
      pdfTeX warning (ext4): destination with the same identifier (name{ALC@lin
e.1}) has been already used, duplicate ignored
<to be read again> 
                   \endgroup \set@typeset@protect 
l.133 
      pdfTeX warning (ext4): destination with the same identifier (name{ALC@rem
.2}) has been already used, duplicate ignored
<to be read again> 
                   \endgroup \set@typeset@protect 
l.133 
      pdfTeX warning (ext4): destination with the same identifier (name{ALC@lin
e.2}) has been already used, duplicate ignored
<to be read again> 
                   \endgroup \set@typeset@protect 
l.133 
      pdfTeX warning (ext4): destination with the same identifier (name{ALC@rem
.3}) has been already used, duplicate ignored
<to be read again> 
                   \endgroup \set@typeset@protect 
l.133 
      pdfTeX warning (ext4): destination with the same identifier (name{ALC@lin
e.3}) has been already used, duplicate ignored
<to be read again> 
                   \endgroup \set@typeset@protect 
l.133 
      pdfTeX warning (ext4): destination with the same identifier (name{ALC@rem
.4}) has been already used, duplicate ignored
<to be read again> 
                   \endgroup \set@typeset@protect 
l.133 
      pdfTeX warning (ext4): destination with the same identifier (name{ALC@lin
e.4}) has been already used, duplicate ignored
<to be read again> 
                   \endgroup \set@typeset@protect 
l.133 
      pdfTeX warning (ext4): destination with the same identifier (name{ALC@rem
.5}) has been already used, duplicate ignored
<to be read again> 
                   \endgroup \set@typeset@protect 
l.133 
      pdfTeX warning (ext4): destination with the same identifier (name{ALC@lin
e.5}) has been already used, duplicate ignored
<to be read again> 
                   \endgroup \set@typeset@protect 
l.133 
      pdfTeX warning (ext4): destination with the same identifier (name{ALC@rem
.6}) has been already used, duplicate ignored
<to be read again> 
                   \endgroup \set@typeset@protect 
l.133 
      pdfTeX warning (ext4): destination with the same identifier (name{ALC@lin
e.6}) has been already used, duplicate ignored
<to be read again> 
                   \endgroup \set@typeset@protect 
l.133 
      pdfTeX warning (ext4): destination with the same identifier (name{ALC@rem
.7}) has been already used, duplicate ignored
<to be read again> 
                   \endgroup \set@typeset@protect 
l.133 
      pdfTeX warning (ext4): destination with the same identifier (name{ALC@lin
e.7}) has been already used, duplicate ignored
<to be read again> 
                   \endgroup \set@typeset@protect 
l.133 
      pdfTeX warning (ext4): destination with the same identifier (name{ALC@rem
.8}) has been already used, duplicate ignored
<to be read again> 
                   \endgroup \set@typeset@protect 
l.133 
      pdfTeX warning (ext4): destination with the same identifier (name{ALC@lin
e.8}) has been already used, duplicate ignored
<to be read again> 
                   \endgroup \set@typeset@protect 
l.133 
      pdfTeX warning (ext4): destination with the same identifier (name{ALC@rem
.9}) has been already used, duplicate ignored
<to be read again> 
                   \endgroup \set@typeset@protect 
l.133 
      pdfTeX warning (ext4): destination with the same identifier (name{ALC@lin
e.9}) has been already used, duplicate ignored
<to be read again> 
                   \endgroup \set@typeset@protect 
l.133 
      pdfTeX warning (ext4): destination with the same identifier (name{ALC@rem
.10}) has been already used, duplicate ignored
<to be read again> 
                   \endgroup \set@typeset@protect 
l.133 
      pdfTeX warning (ext4): destination with the same identifier (name{ALC@lin
e.10}) has been already used, duplicate ignored
<to be read again> 
                   \endgroup \set@typeset@protect 
l.133 
      pdfTeX warning (ext4): destination with the same identifier (name{ALC@rem
.11}) has been already used, duplicate ignored
<to be read again> 
                   \endgroup \set@typeset@protect 
l.133 
      pdfTeX warning (ext4): destination with the same identifier (name{ALC@lin
e.11}) has been already used, duplicate ignored
<to be read again> 
                   \endgroup \set@typeset@protect 
l.133 
      pdfTeX warning (ext4): destination with the same identifier (name{ALC@rem
.12}) has been already used, duplicate ignored
<to be read again> 
                   \endgroup \set@typeset@protect 
l.133 
      pdfTeX warning (ext4): destination with the same identifier (name{ALC@lin
e.12}) has been already used, duplicate ignored
<to be read again> 
                   \endgroup \set@typeset@protect 
l.133 
      pdfTeX warning (ext4): destination with the same identifier (name{ALC@rem
.13}) has been already used, duplicate ignored
<to be read again> 
                   \endgroup \set@typeset@protect 
l.133 
      pdfTeX warning (ext4): destination with the same identifier (name{ALC@lin
e.13}) has been already used, duplicate ignored
<to be read again> 
                   \endgroup \set@typeset@protect 
l.133 
      pdfTeX warning (ext4): destination with the same identifier (name{ALC@rem
.14}) has been already used, duplicate ignored
<to be read again> 
                   \endgroup \set@typeset@protect 
l.133 
      pdfTeX warning (ext4): destination with the same identifier (name{ALC@lin
e.14}) has been already used, duplicate ignored
<to be read again> 
                   \endgroup \set@typeset@protect 
l.133 
      ]pdfTeX warning (ext4): destination with the same identifier (name{ALC@re
m.1}) has been already used, duplicate ignored
<to be read again> 
                   \relax 
l.144 		\STATE
              pdfTeX warning (ext4): destination with the same identifier (name
{ALC@line.1}) has been already used, duplicate ignored
<to be read again> 
                   \relax 
l.144 		\STATE
              pdfTeX warning (ext4): destination with the same identifier (name
{ALC@rem.2}) has been already used, duplicate ignored
<to be read again> 
                   \relax 
l.145 		\STATE
               Populate\_KeyValues(Particles, Mesh, sort\_keys, sort\_values)pd
fTeX warning (ext4): destination with the same identifier (name{ALC@line.2}) ha
s been already used, duplicate ignored
<to be read again> 
                   \relax 
l.145 		\STATE
               Populate\_KeyValues(Particles, Mesh, sort\_keys, sort\_values)pd
fTeX warning (ext4): destination with the same identifier (name{ALC@rem.3}) has
 been already used, duplicate ignored
<to be read again> 
                   \relax 
l.146 		\STATE
              pdfTeX warning (ext4): destination with the same identifier (name
{ALC@line.3}) has been already used, duplicate ignored
<to be read again> 
                   \relax 
l.146 		\STATE
              pdfTeX warning (ext4): destination with the same identifier (name
{ALC@rem.4}) has been already used, duplicate ignored
<to be read again> 
                   \relax 
l.147 		\STATE
               thrust::sort\_by\_key(sort\_keys,sort\_keys+nptcls,sort\_values)
pdfTeX warning (ext4): destination with the same identifier (name{ALC@line.4}) 
has been already used, duplicate ignored
<to be read again> 
                   \relax 
l.147 		\STATE
               thrust::sort\_by\_key(sort\_keys,sort\_keys+nptcls,sort\_values)
pdfTeX warning (ext4): destination with the same identifier (name{ALC@rem.5}) h
as been already used, duplicate ignored
<to be read again> 
                   \relax 
l.148 		\STATE
              pdfTeX warning (ext4): destination with the same identifier (name
{ALC@line.5}) has been already used, duplicate ignored
<to be read again> 
                   \relax 
l.148 		\STATE
              pdfTeX warning (ext4): destination with the same identifier (name
{ALC@rem.6}) has been already used, duplicate ignored
<to be read again> 
                   \relax 
l.149 		\STATE
               Payload\_Move(Particles, sort\_values)pdfTeX warning (ext4): des
tination with the same identifier (name{ALC@line.6}) has been already used, dup
licate ignored
<to be read again> 
                   \relax 
l.149 		\STATE
               Payload\_Move(Particles, sort\_values) [35]
LaTeX Font Info:    Try loading font information for OML+cmr on input line 172.


(/usr/share/texmf/tex/latex/base/omlcmr.fd
File: omlcmr.fd 1999/05/25 v2.5h Standard LaTeX font definitions
)
LaTeX Font Info:    Font shape `OML/cmr/m/n' in size <10> not available
(Font)              Font shape `OML/cmm/m/it' tried instead on input line 172.
 [36pdfTeX warning (ext4): destination with the same identifier (name{figure.4.
2}) has been already used, duplicate ignored
<to be read again> 
                   \endgroup \set@typeset@protect 
l.187 
      ]pdfTeX warning (ext4): destination with the same identifier (name{ALC@re
m.1}) has been already used, duplicate ignored
<to be read again> 
                   \relax 
l.192 		\FORALL{ $member \in XPlist$}
                                     pdfTeX warning (ext4): destination with th
e same identifier (name{ALC@line.1}) has been already used, duplicate ignored
<to be read again> 
                   \relax 
l.192 		\FORALL{ $member \in XPlist$}
                                     pdfTeX warning (ext4): destination with th
e same identifier (name{ALC@rem.2}) has been already used, duplicate ignored
<to be read again> 
                   \relax 
l.193 		\STATE
               float* idata = memberpdfTeX warning (ext4): destination with the
 same identifier (name{ALC@line.2}) has been already used, duplicate ignored
<to be read again> 
                   \relax 
l.193 		\STATE
               float* idata = memberpdfTeX warning (ext4): destination with the
 same identifier (name{ALC@rem.3}) has been already used, duplicate ignored
<to be read again> 
                   \relax 
l.194 		\STATE
               float* odata = XPlist.bufferpdfTeX warning (ext4): destination w
ith the same identifier (name{ALC@line.3}) has been already used, duplicate ign
ored
<to be read again> 
                   \relax 
l.194 		\STATE
               float* odata = XPlist.bufferpdfTeX warning (ext4): destination w
ith the same identifier (name{ALC@rem.4}) has been already used, duplicate igno
red
<to be read again> 
                   \relax 
l.195 		\STATE
               \textbf{reorder\_data}(odata,idata,particleIDs)pdfTeX warning (e
xt4): destination with the same identifier (name{ALC@line.4}) has been already 
used, duplicate ignored
<to be read again> 
                   \relax 
l.195 		\STATE
               \textbf{reorder\_data}(odata,idata,particleIDs)pdfTeX warning (e
xt4): destination with the same identifier (name{ALC@rem.5}) has been already u
sed, duplicate ignored
<to be read again> 
                   \relax 
l.196 		\STATE
               member = odatapdfTeX warning (ext4): destination with the same i
dentifier (name{ALC@line.5}) has been already used, duplicate ignored
<to be read again> 
                   \relax 
l.196 		\STATE
               member = odatapdfTeX warning (ext4): destination with the same i
dentifier (name{ALC@rem.6}) has been already used, duplicate ignored
<to be read again> 
                   \relax 
l.197 		\STATE
               buffer = idatapdfTeX warning (ext4): destination with the same i
dentifier (name{ALC@line.6}) has been already used, duplicate ignored
<to be read again> 
                   \relax 
l.197 		\STATE
               buffer = idatapdfTeX warning (ext4): destination with the same i
dentifier (name{ALC@rem.7}) has been already used, duplicate ignored
<to be read again> 
                   \relax 
l.198 		\ENDFOR
               pdfTeX warning (ext4): destination with the same identifier (nam
e{ALC@line.7}) has been already used, duplicate ignored
<to be read again> 
                   \relax 
l.198 		\ENDFOR
               

LaTeX Warning: Reference `Patacchini2007' on page 37 undefined on input line 21
0.

[37]pdfTeX warning (ext4): destination with the same identifier (name{ALC@rem.1
}) has been already used, duplicate ignored
<to be read again> 
                   \relax 
l.229 		\STATE
               // Update The particle positions and check domain boundariespdfT
eX warning (ext4): destination with the same identifier (name{ALC@line.1}) has 
been already used, duplicate ignored
<to be read again> 
                   \relax 
l.229 		\STATE
               // Update The particle positions and check domain boundariespdfT
eX warning (ext4): destination with the same identifier (name{ALC@rem.2}) has b
een already used, duplicate ignored
<to be read again> 
                   \relax 
l.230 		\STATE
               $\textbf{GPU\_Advance}(particles,mesh,Exit\_Flags)$pdfTeX warnin
g (ext4): destination with the same identifier (name{ALC@line.2}) has been alre
ady used, duplicate ignored
<to be read again> 
                   \relax 
l.230 		\STATE
               $\textbf{GPU\_Advance}(particles,mesh,Exit\_Flags)$pdfTeX warnin
g (ext4): destination with the same identifier (name{ALC@rem.3}) has been alrea
dy used, duplicate ignored
<to be read again> 
                   \relax 
l.231 		\STATE
              pdfTeX warning (ext4): destination with the same identifier (name
{ALC@line.3}) has been already used, duplicate ignored
<to be read again> 
                   \relax 
l.231 		\STATE
              pdfTeX warning (ext4): destination with the same identifier (name
{ALC@rem.4}) has been already used, duplicate ignored
<to be read again> 
                   \relax 
l.232 		\STATE
               \textbf{Prefix\_Scan}(Exit\_Flags)pdfTeX warning (ext4): destina
tion with the same identifier (name{ALC@line.4}) has been already used, duplica
te ignored
<to be read again> 
                   \relax 
l.232 		\STATE
               \textbf{Prefix\_Scan}(Exit\_Flags)pdfTeX warning (ext4): destina
tion with the same identifier (name{ALC@rem.5}) has been already used, duplicat
e ignored
<to be read again> 
                   \relax 
l.233 		\STATE
              pdfTeX warning (ext4): destination with the same identifier (name
{ALC@line.5}) has been already used, duplicate ignored
<to be read again> 
                   \relax 
l.233 		\STATE
              pdfTeX warning (ext4): destination with the same identifier (name
{ALC@rem.6}) has been already used, duplicate ignored
<to be read again> 
                   \relax 
l.234 		\STATE
               nptcls\_reinject = Exit\_Flags[nptcls-1]pdfTeX warning (ext4): d
estination with the same identifier (name{ALC@line.6}) has been already used, d
uplicate ignored
<to be read again> 
                   \relax 
l.234 		\STATE
               nptcls\_reinject = Exit\_Flags[nptcls-1]pdfTeX warning (ext4): d
estination with the same identifier (name{ALC@rem.7}) has been already used, du
plicate ignored
<to be read again> 
                   \relax 
l.235 		\STATE
              pdfTeX warning (ext4): destination with the same identifier (name
{ALC@line.7}) has been already used, duplicate ignored
<to be read again> 
                   \relax 
l.235 		\STATE
              pdfTeX warning (ext4): destination with the same identifier (name
{ALC@rem.8}) has been already used, duplicate ignored
<to be read again> 
                   \relax 
l.236 		\IF{nptcls\_reinject $>$ 0}
                                   pdfTeX warning (ext4): destination with the 
same identifier (name{ALC@line.8}) has been already used, duplicate ignored
<to be read again> 
                   \relax 
l.236 		\IF{nptcls\_reinject $>$ 0}
                                   pdfTeX warning (ext4): destination with the 
same identifier (name{ALC@rem.9}) has been already used, duplicate ignored
<to be read again> 
                   \relax 
l.237 			\STATE
               pdfTeX warning (ext4): destination with the same identifier (nam
e{ALC@line.9}) has been already used, duplicate ignored
<to be read again> 
                   \relax 
l.237 			\STATE
               pdfTeX warning (ext4): destination with the same identifier (nam
e{ALC@rem.10}) has been already used, duplicate ignored
<to be read again> 
                   \relax 
l.238 			\STATE
                reinjected\_particles.allocate(nptcls\_reinject)pdfTeX warning 
(ext4): destination with the same identifier (name{ALC@line.10}) has been alrea
dy used, duplicate ignored
<to be read again> 
                   \relax 
l.238 			\STATE
                reinjected\_particles.allocate(nptcls\_reinject)pdfTeX warning 
(ext4): destination with the same identifier (name{ALC@rem.11}) has been alread
y used, duplicate ignored
<to be read again> 
                   \relax 
l.239 			\STATE
               pdfTeX warning (ext4): destination with the same identifier (nam
e{ALC@line.11}) has been already used, duplicate ignored
<to be read again> 
                   \relax 
l.239 			\STATE
               pdfTeX warning (ext4): destination with the same identifier (nam
e{ALC@rem.12}) has been already used, duplicate ignored
<to be read again> 
                   \relax 
l.240 			\STATE
                \textbf{Stream\_Compact}(particles $\subset$ exited $\righta...
pdfTeX warning (ext4): destination with the same identifier (name{ALC@line.12})
 has been already used, duplicate ignored
<to be read again> 
                   \relax 
l.240 			\STATE
                \textbf{Stream\_Compact}(particles $\subset$ exited $\righta...
pdfTeX warning (ext4): destination with the same identifier (name{ALC@rem.13}) 
has been already used, duplicate ignored
<to be read again> 
                   \relax 
l.241 			\STATE
               pdfTeX warning (ext4): destination with the same identifier (nam
e{ALC@line.13}) has been already used, duplicate ignored
<to be read again> 
                   \relax 
l.241 			\STATE
               pdfTeX warning (ext4): destination with the same identifier (nam
e{ALC@rem.14}) has been already used, duplicate ignored
<to be read again> 
                   \relax 
l.242 			\STATE
                // Recursivley call the Advance on the reinjected particlespdfT
eX warning (ext4): destination with the same identifier (name{ALC@line.14}) has
 been already used, duplicate ignored
<to be read again> 
                   \relax 
l.242 			\STATE
                // Recursivley call the Advance on the reinjected particlespdfT
eX warning (ext4): destination with the same identifier (name{ALC@rem.15}) has 
been already used, duplicate ignored
<to be read again> 
                   \relax 
l.243 			\STATE
                reinjected\_particles.advance()pdfTeX warning (ext4): destinati
on with the same identifier (name{ALC@line.15}) has been already used, duplicat
e ignored
<to be read again> 
                   \relax 
l.243 			\STATE
                reinjected\_particles.advance()pdfTeX warning (ext4): destinati
on with the same identifier (name{ALC@rem.16}) has been already used, duplicate
 ignored
<to be read again> 
                   \relax 
l.244 			\STATE
               pdfTeX warning (ext4): destination with the same identifier (nam
e{ALC@line.16}) has been already used, duplicate ignored
<to be read again> 
                   \relax 
l.244 			\STATE
               pdfTeX warning (ext4): destination with the same identifier (nam
e{ALC@rem.17}) has been already used, duplicate ignored
<to be read again> 
                   \relax 
l.245 			\STATE
                \textbf{Stream\_Expand}(reinjected\_particles $\rightarrow$ ...
pdfTeX warning (ext4): destination with the same identifier (name{ALC@line.17})
 has been already used, duplicate ignored
<to be read again> 
                   \relax 
l.245 			\STATE
                \textbf{Stream\_Expand}(reinjected\_particles $\rightarrow$ ...
pdfTeX warning (ext4): destination with the same identifier (name{ALC@rem.18}) 
has been already used, duplicate ignored
<to be read again> 
                   \relax 
l.246 		\ENDIF
              pdfTeX warning (ext4): destination with the same identifier (name
{ALC@line.18}) has been already used, duplicate ignored
<to be read again> 
                   \relax 
l.246 		\ENDIF
              pdfTeX warning (ext4): destination with the same identifier (name
{ALC@rem.19}) has been already used, duplicate ignored
<to be read again> 
                   \relax 
l.247 		\STATE
              pdfTeX warning (ext4): destination with the same identifier (name
{ALC@line.19}) has been already used, duplicate ignored
<to be read again> 
                   \relax 
l.247 		\STATE
               [38]) [39]
\openout2 = `ch_performance.aux'.

 (./ch_performance.tex [40



]
Chapter 5.

Overfull \hbox (14.71854pt too wide) in paragraph at lines 16--26
[][]
 []


LaTeX Warning: `h' float specifier changed to `ht'.

[41]
Overfull \hbox (14.71854pt too wide) in paragraph at lines 35--45
[][]
 []

[42pdfTeX warning (ext4): destination with the same identifier (name{table.5.1}
) has been already used, duplicate ignored
<to be read again> 
                   \endgroup \set@typeset@protect 
l.54 
     pdfTeX warning (ext4): destination with the same identifier (name{table.5.
2}) has been already used, duplicate ignored
<to be read again> 
                   \endgroup \set@typeset@protect 
l.54 
     ]
<performance/nptclsize_scan128x64x64ons8bins.pdf, id=703, 514.92375pt x 404.511
25pt>
File: performance/nptclsize_scan128x64x64ons8bins.pdf Graphic file (type pdf)
 <use performance/nptclsize_scan128x64x64ons8bins.pdf>
<performance/nptclsize_scan64x32x32ons8bins.pdf, id=704, 514.92375pt x 404.5112
5pt>
File: performance/nptclsize_scan64x32x32ons8bins.pdf Graphic file (type pdf)
 <use performance/nptclsize_scan64x32x32ons8bins.pdf>

LaTeX Warning: `h' float specifier changed to `ht'.


<performance/nptclspeedup_scan128x64x64ons8bins.pdf, id=705, 517.935pt x 400.49
625pt>
File: performance/nptclspeedup_scan128x64x64ons8bins.pdf Graphic file (type pdf
)
 <use performance/nptclspeedup_scan128x64x64ons8bins.pdf>

LaTeX Warning: `h' float specifier changed to `ht'.

<performance/gridsize_scan8ptcls8bins.pdf, id=706, 514.92375pt x 404.51125pt>
File: performance/gridsize_scan8ptcls8bins.pdf Graphic file (type pdf)

<use performance/gridsize_scan8ptcls8bins.pdf>
Underfull \vbox (badness 10000) has occurred while \output is active []

 [43pdfTeX warning (ext4): destination with the same identifier (name{figure.5.
1}) has been already used, duplicate ignored
<to be read again> 
                   \endgroup \set@typeset@protect 
l.89 \end{figure}
                  <./performance/nptclsize_scan128x64x64ons8bins.pdf>]

LaTeX Warning: `h' float specifier changed to `ht'.


<performance/gridsize_scan8ptcls16bins.pdf, id=717, 514.92375pt x 404.51125pt>
File: performance/gridsize_scan8ptcls16bins.pdf Graphic file (type pdf)

<use performance/gridsize_scan8ptcls16bins.pdf>

LaTeX Warning: `h' float specifier changed to `ht'.


<performance/gridsize_scan16ptcls8bins.pdf, id=718, 514.92375pt x 404.51125pt>
File: performance/gridsize_scan16ptcls8bins.pdf Graphic file (type pdf)

<use performance/gridsize_scan16ptcls8bins.pdf>

LaTeX Warning: `h' float specifier changed to `ht'.


<performance/gridsize_scan16ptcls16bins.pdf, id=719, 514.92375pt x 404.51125pt>
File: performance/gridsize_scan16ptcls16bins.pdf Graphic file (type pdf)
<use performance/gridsize_scan16ptcls16bins.pdf>

LaTeX Warning: `h' float specifier changed to `ht'.


<performance/gridsize_scan34ptcls8bins.pdf, id=720, 514.92375pt x 404.51125pt>
File: performance/gridsize_scan34ptcls8bins.pdf Graphic file (type pdf)

<use performance/gridsize_scan34ptcls8bins.pdf>

LaTeX Warning: `h' float specifier changed to `ht'.


<performance/gridsize_scan34ptcls16bins.pdf, id=721, 514.92375pt x 404.51125pt>
File: performance/gridsize_scan34ptcls16bins.pdf Graphic file (type pdf)
<use performance/gridsize_scan34ptcls16bins.pdf>

LaTeX Warning: `h' float specifier changed to `ht'.

<performance/gridshape_scan.pdf, id=722, 514.92375pt x 404.51125pt>
File: performance/gridshape_scan.pdf Graphic file (type pdf)

<use performance/gridshape_scan.pdf>

LaTeX Warning: `h' float specifier changed to `ht'.

) [44pdfTeX warning (ext4): destination with the same identifier (name{figure.5
.2}) has been already used, duplicate ignored
<to be read again> 
                   \endgroup \set@typeset@protect 
l.119 \include{ch_performance}
                               <./performance/nptclsize_scan64x32x32ons8bins.pd
f>] [45pdfTeX warning (ext4): destination with the same identifier (name{figure
.5.3}) has been already used, duplicate ignored
<to be read again> 
                   \endgroup \set@typeset@protect 
l.119 \include{ch_performance}
                               <./performance/nptclspeedup_scan128x64x64ons8bin
s.pdf>] [46pdfTeX warning (ext4): destination with the same identifier (name{fi
gure.5.4}) has been already used, duplicate ignored
<to be read again> 
                   \endgroup \set@typeset@protect 
l.119 \include{ch_performance}
                               <./performance/gridsize_scan8ptcls8bins.pdf>]
[47pdfTeX warning (ext4): destination with the same identifier (name{figure.5.5
}) has been already used, duplicate ignored
<to be read again> 
                   \endgroup \set@typeset@protect 
l.119 \include{ch_performance}
                               <./performance/gridsize_scan8ptcls16bins.pdf>]
[48pdfTeX warning (ext4): destination with the same identifier (name{figure.5.6
}) has been already used, duplicate ignored
<to be read again> 
                   \endgroup \set@typeset@protect 
l.119 \include{ch_performance}
                               <./performance/gridsize_scan16ptcls8bins.pdf>]
[49pdfTeX warning (ext4): destination with the same identifier (name{figure.5.7
}) has been already used, duplicate ignored
<to be read again> 
                   \endgroup \set@typeset@protect 
l.119 \include{ch_performance}
                               <./performance/gridsize_scan16ptcls16bins.pdf>]
[50pdfTeX warning (ext4): destination with the same identifier (name{figure.5.8
}) has been already used, duplicate ignored
<to be read again> 
                   \endgroup \set@typeset@protect 
l.119 \include{ch_performance}
                               <./performance/gridsize_scan34ptcls8bins.pdf>]
[51pdfTeX warning (ext4): destination with the same identifier (name{figure.5.9
}) has been already used, duplicate ignored
<to be read again> 
                   \endgroup \set@typeset@protect 
l.119 \include{ch_performance}
                               <./performance/gridsize_scan34ptcls16bins.pdf>]
[52pdfTeX warning (ext4): destination with the same identifier (name{figure.5.1
0}) has been already used, duplicate ignored
<to be read again> 
                   \endgroup \set@typeset@protect 
l.119 \include{ch_performance}
                               <./performance/gridshape_scan.pdf>]
\openout2 = `ch_conclusion.aux'.


(./ch_conclusion.tex
Chapter 6.
) [53



]
\openout2 = `appa.aux'.

 (./appa.tex [54



]
Appendix A.
[55pdfTeX warning (ext4): destination with the same identifier (name{table.A.1}
) has been already used, duplicate ignored
<to be read again> 
                   \endgroup \set@typeset@protect 
l.14 \clearpage
               ])
\openout2 = `appb.aux'.

 (./appb.tex [56




]
Appendix B.
[57] [58pdfTeX warning (ext4): destination with the same identifier (name{figur
e.B.1}) has been already used, duplicate ignored
<to be read again> 
                   \endgroup \set@typeset@protect 
l.10 \clearpage
               ] [59pdfTeX warning (ext4): destination with the same identifier
 (name{figure.B.2}) has been already used, duplicate ignored
<to be read again> 
                   \endgroup \set@typeset@protect 
l.18 \clearpage
               ])
\openout2 = `biblio.aux'.

 (./biblio.tex (./main.bbl [60





])) [61] (./main.aux
(./cover.aux) (./contents.aux) (./ch_introduction.aux) (./ch_design.aux)
(./ch_implementation.aux) (./ch_performance.aux) (./ch_conclusion.aux)
(./appa.aux) (./appb.aux) (./biblio.aux))

LaTeX Warning: There were undefined references.


LaTeX Warning: There were multiply-defined labels.

 ) 
Here is how much of TeX's memory you used:
 7224 strings out of 256216
 102223 string characters out of 1917072
 183575 words of memory out of 1500000
 10074 multiletter control sequences out of 10000+200000
 11461 words of font info for 41 fonts, out of 1200000 for 2000
 645 hyphenation exceptions out of 8191
 43i,19n,49p,1258b,1379s stack positions out of 5000i,500n,6000p,200000b,15000s
pdfTeX warning (dest): name{Hfootnote.3} has been referenced but does not exi
st, replaced by a fixed one

pdfTeX warning (dest): name{Hfootnote.2} has been referenced but does not exist
, replaced by a fixed one

</usr/share/texmf/fonts/type1/bluesky/cm/cmbx10.pfb></usr/share/texmf/fonts/typ
e1/bluesky/cm/cmbx12.pfb></usr/share/texmf/fonts/type1/bluesky/cm/cmex10.pfb></
usr/share/texmf/fonts/type1/bluesky/cm/cmmi10.pfb></usr/share/texmf/fonts/type1
/bluesky/cm/cmmi12.pfb></usr/share/texmf/fonts/type1/bluesky/cm/cmmi8.pfb></usr
/share/texmf/fonts/type1/bluesky/cm/cmr10.pfb></usr/share/texmf/fonts/type1/blu
esky/cm/cmr12.pfb></usr/share/texmf/fonts/type1/bluesky/cm/cmr17.pfb></usr/shar
e/texmf/fonts/type1/bluesky/cm/cmr7.pfb></usr/share/texmf/fonts/type1/bluesky/c
m/cmr8.pfb></usr/share/texmf/fonts/type1/bluesky/cm/cmsy10.pfb></usr/share/texm
f/fonts/type1/bluesky/cm/cmsy8.pfb></usr/share/texmf/fonts/type1/bluesky/cm/cmt
i12.pfb>
Output written on main.pdf (61 pages, 853908 bytes).
PDF statistics:
 950 PDF objects out of 1000 (max. 8388607)
 224 named destinations out of 1000 (max. 131072)
 602 words of extra memory for PDF output out of 10000 (max. 10000000)

