\BOOKMARK [1][-]{section.1}{Introduction}{}
\BOOKMARK [2][-]{subsection.1.1}{Motivation}{section.1}
\BOOKMARK [3][-]{subsubsection.1.1.1}{GPUs vs CPUs}{subsection.1.1}
\BOOKMARK [2][-]{subsection.1.2}{Overview of sceptic3D}{section.1}
\BOOKMARK [3][-]{subsubsection.1.2.1}{Basic Code Structure}{subsection.1.2}
\BOOKMARK [3][-]{subsubsection.1.2.2}{CPU Code Profiling}{subsection.1.2}
\BOOKMARK [2][-]{subsection.1.3}{Overview of sceptic3Dgpu Goals}{section.1}
\BOOKMARK [3][-]{subsubsection.1.3.1}{Main Routines}{subsection.1.3}
\BOOKMARK [3][-]{subsubsection.1.3.2}{Supporting Routines}{subsection.1.3}
\BOOKMARK [3][-]{subsubsection.1.3.3}{Challenges to overcome}{subsection.1.3}
\BOOKMARK [1][-]{section.2}{Design Options}{}
\BOOKMARK [2][-]{subsection.2.1}{Particle List Structure}{section.2}
\BOOKMARK [3][-]{subsubsection.2.1.1}{Other Codes}{subsection.2.1}
\BOOKMARK [3][-]{subsubsection.2.1.2}{In house tests}{subsection.2.1}
\BOOKMARK [2][-]{subsection.2.2}{Charge Assign}{section.2}
\BOOKMARK [3][-]{subsubsection.2.2.1}{Naive Atomic Approach}{subsection.2.2}
\BOOKMARK [3][-]{subsubsection.2.2.2}{Other Codes}{subsection.2.2}
\BOOKMARK [2][-]{subsection.2.3}{Particle List Sort}{section.2}
\BOOKMARK [3][-]{subsubsection.2.3.1}{Costs and Benefits}{subsection.2.3}
\BOOKMARK [3][-]{subsubsection.2.3.2}{Other Codes}{subsection.2.3}
\BOOKMARK [3][-]{subsubsection.2.3.3}{In house tests}{subsection.2.3}
\BOOKMARK [2][-]{subsection.2.4}{Particle Advancing}{section.2}
\BOOKMARK [3][-]{subsubsection.2.4.1}{Assumptions}{subsection.2.4}
\BOOKMARK [3][-]{subsubsection.2.4.2}{Other Codes}{subsection.2.4}
\BOOKMARK [3][-]{subsubsection.2.4.3}{Reinjections and Diagnostics}{subsection.2.4}
\BOOKMARK [2][-]{subsection.2.5}{Poisson Solve}{section.2}
\BOOKMARK [3][-]{subsubsection.2.5.1}{Desired Performance}{subsection.2.5}
\BOOKMARK [3][-]{subsubsection.2.5.2}{Performance vs Implementation Difficulty}{subsection.2.5}
\BOOKMARK [2][-]{subsection.2.6}{Grid Dimension Constraints and Handling}{section.2}
\BOOKMARK [1][-]{section.3}{Implementation}{}
\BOOKMARK [2][-]{subsection.3.1}{Execution Layout of sceptic3D}{section.3}
\BOOKMARK [2][-]{subsection.3.2}{Constraining Grid Dimensions}{section.3}
\BOOKMARK [3][-]{subsubsection.3.2.1}{Constraints}{subsection.3.2}
\BOOKMARK [3][-]{subsubsection.3.2.2}{Holding to the constraints}{subsection.3.2}
\BOOKMARK [2][-]{subsection.3.3}{Particle List Transpose}{section.3}
\BOOKMARK [2][-]{subsection.3.4}{Particle List Sort}{section.3}
\BOOKMARK [2][-]{subsection.3.5}{Charge Assign}{section.3}
\BOOKMARK [2][-]{subsection.3.6}{Poisson Solve}{section.3}
\BOOKMARK [2][-]{subsection.3.7}{Particle List Advance}{section.3}
\BOOKMARK [3][-]{subsubsection.3.7.1}{Handling Reinjections}{subsection.3.7}
\BOOKMARK [1][-]{section.4}{Performance}{}
\BOOKMARK [2][-]{subsection.4.1}{Test Setup}{section.4}
\BOOKMARK [3][-]{subsubsection.4.1.1}{Parameter Space Explored}{subsection.4.1}
\BOOKMARK [3][-]{subsubsection.4.1.2}{Machine Parameters}{subsection.4.1}
\BOOKMARK [3][-]{subsubsection.4.1.3}{Memory Bandwidth Comparison}{subsection.4.1}
\BOOKMARK [2][-]{subsection.4.2}{Particle list size scan}{section.4}
\BOOKMARK [2][-]{subsection.4.3}{Grid Size scan}{section.4}
\BOOKMARK [2][-]{subsection.4.4}{Kernel Parameters Scan}{section.4}
\BOOKMARK [1][-]{section.5}{Conclusion}{}
